 
 --------------------------------------
 Starting ... at YYYY MM DD HH MM SS = 
                 2017  3  2 11  4 29
 Program preprocess
 --------------------------------------
 
 set_nml_output Echo NML values to log file only
 Path names of default obs_def and obs_kind modules
 ../../../obs_def/DEFAULT_obs_def_mod.F90
 ../../../obs_kind/DEFAULT_obs_kind_mod.F90
 Path names of output obs_def and obs_kind modules
 ../../../obs_def/obs_def_mod.f90
 ../../../obs_kind/obs_kind_mod.f90
 INPUT obs_def files follow:
 ../../../obs_def/obs_def_airnow_o3_mod.f90
 INPUT model files follow:
 ERROR FROM:
  routine: preprocess
  message: 
  input_files ../../../obs_def/obs_def_airnow_o3_mod.f90 does NOT exist (and mus
 t).
  
  source file: 
 $URL: https://svn-dares-dart.cgd.ucar.edu/DART/branches/mizzi/preprocess/prepro
 cess.f90 $
  file revision: $Revision: 7039 $
  revision date: $Date: 2014-07-02 16:00:57 -0600 (Wed, 02 Jul 2014) $
 
 --------------------------------------
 Starting ... at YYYY MM DD HH MM SS = 
                 2017  3  2 11 51 23
 Program preprocess
 --------------------------------------
 
 set_nml_output Echo NML values to log file only
 Path names of default obs_def and obs_kind modules
 ../../../obs_def/DEFAULT_obs_def_mod.F90
 ../../../obs_kind/DEFAULT_obs_kind_mod.F90
 Path names of output obs_def and obs_kind modules
 ../../../obs_def/obs_def_mod.f90
 ../../../obs_kind/obs_kind_mod.f90
 INPUT obs_def files follow:
 ../../../obs_def/obs_def_airnow_o3_mod.f90
 INPUT model files follow:
 ERROR FROM:
  routine: preprocess
  message: 
  input_files ../../../obs_def/obs_def_airnow_o3_mod.f90 does NOT exist (and mus
 t).
  
  source file: 
 $URL: https://svn-dares-dart.cgd.ucar.edu/DART/branches/mizzi/preprocess/prepro
 cess.f90 $
  file revision: $Revision: 7039 $
  revision date: $Date: 2014-07-02 16:00:57 -0600 (Wed, 02 Jul 2014) $
 
 --------------------------------------
 Starting ... at YYYY MM DD HH MM SS = 
                 2017  3  2 11 54  4
 Program preprocess
 --------------------------------------
 
 set_nml_output Echo NML values to log file only
 Path names of default obs_def and obs_kind modules
 ../../../obs_def/DEFAULT_obs_def_mod.F90
 ../../../obs_kind/DEFAULT_obs_kind_mod.F90
 Path names of output obs_def and obs_kind modules
 ../../../obs_def/obs_def_mod.f90
 ../../../obs_kind/obs_kind_mod.f90
 INPUT obs_def files follow:
 ../../../obs_def/obs_def_AIRNOW_OBS_mod.f90
 INPUT model files follow:
 preprocess Finished successfully.
 
 --------------------------------------
 Finished ... at YYYY MM DD HH MM SS = 
                 2017  3  2 11 54  5
 Program preprocess
 --------------------------------------
 
 
 --------------------------------------
 Starting ... at YYYY MM DD HH MM SS = 
                 2017  3  2 12  1  6
 Program preprocess
 --------------------------------------
 
 set_nml_output Echo NML values to log file only
 Path names of default obs_def and obs_kind modules
 ../../../obs_def/DEFAULT_obs_def_mod.F90
 ../../../obs_kind/DEFAULT_obs_kind_mod.F90
 Path names of output obs_def and obs_kind modules
 ../../../obs_def/obs_def_mod.f90
 ../../../obs_kind/obs_kind_mod.f90
 INPUT obs_def files follow:
 ../../../obs_def/obs_def_AIRNOW_OBS_mod.f90
 INPUT model files follow:
 preprocess Finished successfully.
 
 --------------------------------------
 Finished ... at YYYY MM DD HH MM SS = 
                 2017  3  2 12  1  6
 Program preprocess
 --------------------------------------
 
 
 --------------------------------------
 Starting ... at YYYY MM DD HH MM SS = 
                 2017  4  7 15 23 16
 Program preprocess
 --------------------------------------
 
 set_nml_output Echo NML values to log file only
 Path names of default obs_def and obs_kind modules
 ../../../obs_def/DEFAULT_obs_def_mod.F90
 ../../../obs_kind/DEFAULT_obs_kind_mod.F90
 Path names of output obs_def and obs_kind modules
 ../../../obs_def/obs_def_mod.f90
 ../../../obs_kind/obs_kind_mod.f90
 INPUT obs_def files follow:
 ../../../obs_def/obs_def_PANDA_OBS_mod.f90
 INPUT model files follow:
 preprocess Finished successfully.
 
 --------------------------------------
 Finished ... at YYYY MM DD HH MM SS = 
                 2017  4  7 15 23 16
 Program preprocess
 --------------------------------------
 
 
 --------------------------------------
 Starting ... at YYYY MM DD HH MM SS = 
                 2017  4  7 15 25 16
 Program preprocess
 --------------------------------------
 
 set_nml_output Echo NML values to log file only
 Path names of default obs_def and obs_kind modules
 ../../../obs_def/DEFAULT_obs_def_mod.F90
 ../../../obs_kind/DEFAULT_obs_kind_mod.F90
 Path names of output obs_def and obs_kind modules
 ../../../obs_def/obs_def_mod.f90
 ../../../obs_kind/obs_kind_mod.f90
 INPUT obs_def files follow:
 ../../../obs_def/obs_def_PANDA_OBS_mod.f90
 INPUT model files follow:
 preprocess Finished successfully.
 
 --------------------------------------
 Finished ... at YYYY MM DD HH MM SS = 
                 2017  4  7 15 25 16
 Program preprocess
 --------------------------------------
 
 
 --------------------------------------
 Starting ... at YYYY MM DD HH MM SS = 
                 2017  4  7 15 28  7
 Program preprocess
 --------------------------------------
 
 set_nml_output Echo NML values to log file only
 Path names of default obs_def and obs_kind modules
 ../../../obs_def/DEFAULT_obs_def_mod.F90
 ../../../obs_kind/DEFAULT_obs_kind_mod.F90
 Path names of output obs_def and obs_kind modules
 ../../../obs_def/obs_def_mod.f90
 ../../../obs_kind/obs_kind_mod.f90
 INPUT obs_def files follow:
 ../../../obs_def/obs_def_PANDA_OBS_mod.f90
 INPUT model files follow:
 preprocess Finished successfully.
 
 --------------------------------------
 Finished ... at YYYY MM DD HH MM SS = 
                 2017  4  7 15 28  7
 Program preprocess
 --------------------------------------
 
 
 --------------------------------------
 Starting ... at YYYY MM DD HH MM SS = 
                 2017  4  7 15 29 50
 Program preprocess
 --------------------------------------
 
 set_nml_output Echo NML values to log file only
 Path names of default obs_def and obs_kind modules
 ../../../obs_def/DEFAULT_obs_def_mod.F90
 ../../../obs_kind/DEFAULT_obs_kind_mod.F90
 Path names of output obs_def and obs_kind modules
 ../../../obs_def/obs_def_mod.f90
 ../../../obs_kind/obs_kind_mod.f90
 INPUT obs_def files follow:
 ../../../obs_def/obs_def_PANDA_OBS_mod.f90
 INPUT model files follow:
 preprocess Finished successfully.
 
 --------------------------------------
 Finished ... at YYYY MM DD HH MM SS = 
                 2017  4  7 15 29 50
 Program preprocess
 --------------------------------------
 
 
 --------------------------------------
 Starting ... at YYYY MM DD HH MM SS = 
                 2017  4  7 15 31  9
 Program preprocess
 --------------------------------------
 
 set_nml_output Echo NML values to log file only
 Path names of default obs_def and obs_kind modules
 ../../../obs_def/DEFAULT_obs_def_mod.F90
 ../../../obs_kind/DEFAULT_obs_kind_mod.F90
 Path names of output obs_def and obs_kind modules
 ../../../obs_def/obs_def_mod.f90
 ../../../obs_kind/obs_kind_mod.f90
 INPUT obs_def files follow:
 ../../../obs_def/obs_def_PANDA_OBS_mod.f90
 INPUT model files follow:
 preprocess Finished successfully.
 
 --------------------------------------
 Finished ... at YYYY MM DD HH MM SS = 
                 2017  4  7 15 31  9
 Program preprocess
 --------------------------------------
 
 
 --------------------------------------
 Starting ... at YYYY MM DD HH MM SS = 
                 2017  4  7 15 32 22
 Program preprocess
 --------------------------------------
 
 set_nml_output Echo NML values to log file only
 Path names of default obs_def and obs_kind modules
 ../../../obs_def/DEFAULT_obs_def_mod.F90
 ../../../obs_kind/DEFAULT_obs_kind_mod.F90
 Path names of output obs_def and obs_kind modules
 ../../../obs_def/obs_def_mod.f90
 ../../../obs_kind/obs_kind_mod.f90
 INPUT obs_def files follow:
 ../../../obs_def/obs_def_PANDA_OBS_mod.f90
 INPUT model files follow:
 preprocess Finished successfully.
 
 --------------------------------------
 Finished ... at YYYY MM DD HH MM SS = 
                 2017  4  7 15 32 22
 Program preprocess
 --------------------------------------
 
 
 --------------------------------------
 Starting ... at YYYY MM DD HH MM SS = 
                 2017  4  7 15 33 48
 Program preprocess
 --------------------------------------
 
 set_nml_output Echo NML values to log file only
 Path names of default obs_def and obs_kind modules
 ../../../obs_def/DEFAULT_obs_def_mod.F90
 ../../../obs_kind/DEFAULT_obs_kind_mod.F90
 Path names of output obs_def and obs_kind modules
 ../../../obs_def/obs_def_mod.f90
 ../../../obs_kind/obs_kind_mod.f90
 INPUT obs_def files follow:
 ../../../obs_def/obs_def_PANDA_OBS_mod.f90
 INPUT model files follow:
 preprocess Finished successfully.
 
 --------------------------------------
 Finished ... at YYYY MM DD HH MM SS = 
                 2017  4  7 15 33 48
 Program preprocess
 --------------------------------------
 
 
 --------------------------------------
 Starting ... at YYYY MM DD HH MM SS = 
                 2017  4  7 15 38 33
 Program preprocess
 --------------------------------------
 
 set_nml_output Echo NML values to log file only
 Path names of default obs_def and obs_kind modules
 ../../../obs_def/DEFAULT_obs_def_mod.F90
 ../../../obs_kind/DEFAULT_obs_kind_mod.F90
 Path names of output obs_def and obs_kind modules
 ../../../obs_def/obs_def_mod.f90
 ../../../obs_kind/obs_kind_mod.f90
 INPUT obs_def files follow:
 ../../../obs_def/obs_def_PANDA_OBS_mod.f90
 INPUT model files follow:
 preprocess Finished successfully.
 
 --------------------------------------
 Finished ... at YYYY MM DD HH MM SS = 
                 2017  4  7 15 38 33
 Program preprocess
 --------------------------------------
 
 
 --------------------------------------
 Starting ... at YYYY MM DD HH MM SS = 
                 2017  4  7 15 39 25
 Program preprocess
 --------------------------------------
 
 set_nml_output Echo NML values to log file only
 Path names of default obs_def and obs_kind modules
 ../../../obs_def/DEFAULT_obs_def_mod.F90
 ../../../obs_kind/DEFAULT_obs_kind_mod.F90
 Path names of output obs_def and obs_kind modules
 ../../../obs_def/obs_def_mod.f90
 ../../../obs_kind/obs_kind_mod.f90
 INPUT obs_def files follow:
 ../../../obs_def/obs_def_PANDA_OBS_mod.f90
 INPUT model files follow:
 preprocess Finished successfully.
 
 --------------------------------------
 Finished ... at YYYY MM DD HH MM SS = 
                 2017  4  7 15 39 25
 Program preprocess
 --------------------------------------
 
 
 --------------------------------------
 Starting ... at YYYY MM DD HH MM SS = 
                 2017  4  7 15 42 15
 Program preprocess
 --------------------------------------
 
 set_nml_output Echo NML values to log file only
 Path names of default obs_def and obs_kind modules
 ../../../obs_def/DEFAULT_obs_def_mod.F90
 ../../../obs_kind/DEFAULT_obs_kind_mod.F90
 Path names of output obs_def and obs_kind modules
 ../../../obs_def/obs_def_mod.f90
 ../../../obs_kind/obs_kind_mod.f90
 INPUT obs_def files follow:
 ../../../obs_def/obs_def_PANDA_OBS_mod.f90
 INPUT model files follow:
 preprocess Finished successfully.
 
 --------------------------------------
 Finished ... at YYYY MM DD HH MM SS = 
                 2017  4  7 15 42 15
 Program preprocess
 --------------------------------------
 
 
 --------------------------------------
 Starting ... at YYYY MM DD HH MM SS = 
                 2017  4  7 15 45 28
 Program preprocess
 --------------------------------------
 
 set_nml_output Echo NML values to log file only
 Path names of default obs_def and obs_kind modules
 ../../../obs_def/DEFAULT_obs_def_mod.F90
 ../../../obs_kind/DEFAULT_obs_kind_mod.F90
 Path names of output obs_def and obs_kind modules
 ../../../obs_def/obs_def_mod.f90
 ../../../obs_kind/obs_kind_mod.f90
 INPUT obs_def files follow:
 ../../../obs_def/obs_def_PANDA_OBS_mod.f90
 INPUT model files follow:
 preprocess Finished successfully.
 
 --------------------------------------
 Finished ... at YYYY MM DD HH MM SS = 
                 2017  4  7 15 45 28
 Program preprocess
 --------------------------------------
 
 
 --------------------------------------
 Starting ... at YYYY MM DD HH MM SS = 
                 2017  4  7 15 46 37
 Program preprocess
 --------------------------------------
 
 set_nml_output Echo NML values to log file only
 Path names of default obs_def and obs_kind modules
 ../../../obs_def/DEFAULT_obs_def_mod.F90
 ../../../obs_kind/DEFAULT_obs_kind_mod.F90
 Path names of output obs_def and obs_kind modules
 ../../../obs_def/obs_def_mod.f90
 ../../../obs_kind/obs_kind_mod.f90
 INPUT obs_def files follow:
 ../../../obs_def/obs_def_PANDA_OBS_mod.f90
 INPUT model files follow:
 preprocess Finished successfully.
 
 --------------------------------------
 Finished ... at YYYY MM DD HH MM SS = 
                 2017  4  7 15 46 37
 Program preprocess
 --------------------------------------
 
 
 --------------------------------------
 Starting ... at YYYY MM DD HH MM SS = 
                 2017  4  7 15 47 47
 Program preprocess
 --------------------------------------
 
 set_nml_output Echo NML values to log file only
 Path names of default obs_def and obs_kind modules
 ../../../obs_def/DEFAULT_obs_def_mod.F90
 ../../../obs_kind/DEFAULT_obs_kind_mod.F90
 Path names of output obs_def and obs_kind modules
 ../../../obs_def/obs_def_mod.f90
 ../../../obs_kind/obs_kind_mod.f90
 INPUT obs_def files follow:
 ../../../obs_def/obs_def_PANDA_OBS_mod.f90
 INPUT model files follow:
 preprocess Finished successfully.
 
 --------------------------------------
 Finished ... at YYYY MM DD HH MM SS = 
                 2017  4  7 15 47 48
 Program preprocess
 --------------------------------------
 
 
 --------------------------------------
 Starting ... at YYYY MM DD HH MM SS = 
                 2017  4  7 15 53 17
 Program preprocess
 --------------------------------------
 
 set_nml_output Echo NML values to log file only
 Path names of default obs_def and obs_kind modules
 ../../../obs_def/DEFAULT_obs_def_mod.F90
 ../../../obs_kind/DEFAULT_obs_kind_mod.F90
 Path names of output obs_def and obs_kind modules
 ../../../obs_def/obs_def_mod.f90
 ../../../obs_kind/obs_kind_mod.f90
 INPUT obs_def files follow:
 ../../../obs_def/obs_def_PANDA_OBS_mod.f90
 INPUT model files follow:
 preprocess Finished successfully.
 
 --------------------------------------
 Finished ... at YYYY MM DD HH MM SS = 
                 2017  4  7 15 53 17
 Program preprocess
 --------------------------------------
 
 
 --------------------------------------
 Starting ... at YYYY MM DD HH MM SS = 
                 2017  4  7 15 54 18
 Program preprocess
 --------------------------------------
 
 set_nml_output Echo NML values to log file only
 Path names of default obs_def and obs_kind modules
 ../../../obs_def/DEFAULT_obs_def_mod.F90
 ../../../obs_kind/DEFAULT_obs_kind_mod.F90
 Path names of output obs_def and obs_kind modules
 ../../../obs_def/obs_def_mod.f90
 ../../../obs_kind/obs_kind_mod.f90
 INPUT obs_def files follow:
 ../../../obs_def/obs_def_PANDA_OBS_mod.f90
 INPUT model files follow:
 preprocess Finished successfully.
 
 --------------------------------------
 Finished ... at YYYY MM DD HH MM SS = 
                 2017  4  7 15 54 18
 Program preprocess
 --------------------------------------
 
 
 --------------------------------------
 Starting ... at YYYY MM DD HH MM SS = 
                 2017  4  7 15 55  4
 Program preprocess
 --------------------------------------
 
 set_nml_output Echo NML values to log file only
 Path names of default obs_def and obs_kind modules
 ../../../obs_def/DEFAULT_obs_def_mod.F90
 ../../../obs_kind/DEFAULT_obs_kind_mod.F90
 Path names of output obs_def and obs_kind modules
 ../../../obs_def/obs_def_mod.f90
 ../../../obs_kind/obs_kind_mod.f90
 INPUT obs_def files follow:
 ../../../obs_def/obs_def_PANDA_OBS_mod.f90
 INPUT model files follow:
 preprocess Finished successfully.
 
 --------------------------------------
 Finished ... at YYYY MM DD HH MM SS = 
                 2017  4  7 15 55  4
 Program preprocess
 --------------------------------------
 
 
 --------------------------------------
 Starting ... at YYYY MM DD HH MM SS = 
                 2017  4  7 15 55 57
 Program preprocess
 --------------------------------------
 
 set_nml_output Echo NML values to log file only
 Path names of default obs_def and obs_kind modules
 ../../../obs_def/DEFAULT_obs_def_mod.F90
 ../../../obs_kind/DEFAULT_obs_kind_mod.F90
 Path names of output obs_def and obs_kind modules
 ../../../obs_def/obs_def_mod.f90
 ../../../obs_kind/obs_kind_mod.f90
 INPUT obs_def files follow:
 ../../../obs_def/obs_def_PANDA_OBS_mod.f90
 INPUT model files follow:
 preprocess Finished successfully.
 
 --------------------------------------
 Finished ... at YYYY MM DD HH MM SS = 
                 2017  4  7 15 55 57
 Program preprocess
 --------------------------------------
 
 
 --------------------------------------
 Starting ... at YYYY MM DD HH MM SS = 
                 2017  4  7 15 58 58
 Program preprocess
 --------------------------------------
 
 set_nml_output Echo NML values to log file only
 Path names of default obs_def and obs_kind modules
 ../../../obs_def/DEFAULT_obs_def_mod.F90
 ../../../obs_kind/DEFAULT_obs_kind_mod.F90
 Path names of output obs_def and obs_kind modules
 ../../../obs_def/obs_def_mod.f90
 ../../../obs_kind/obs_kind_mod.f90
 INPUT obs_def files follow:
 ../../../obs_def/obs_def_PANDA_OBS_mod.f90
 INPUT model files follow:
 preprocess Finished successfully.
 
 --------------------------------------
 Finished ... at YYYY MM DD HH MM SS = 
                 2017  4  7 15 58 58
 Program preprocess
 --------------------------------------
 
 
 --------------------------------------
 Starting ... at YYYY MM DD HH MM SS = 
                 2017  4  7 16  0 39
 Program preprocess
 --------------------------------------
 
 set_nml_output Echo NML values to log file only
 Path names of default obs_def and obs_kind modules
 ../../../obs_def/DEFAULT_obs_def_mod.F90
 ../../../obs_kind/DEFAULT_obs_kind_mod.F90
 Path names of output obs_def and obs_kind modules
 ../../../obs_def/obs_def_mod.f90
 ../../../obs_kind/obs_kind_mod.f90
 INPUT obs_def files follow:
 ../../../obs_def/obs_def_PANDA_OBS_mod.f90
 INPUT model files follow:
 preprocess Finished successfully.
 
 --------------------------------------
 Finished ... at YYYY MM DD HH MM SS = 
                 2017  4  7 16  0 39
 Program preprocess
 --------------------------------------
 
 
 --------------------------------------
 Starting ... at YYYY MM DD HH MM SS = 
                 2017  4  7 16  1 39
 Program preprocess
 --------------------------------------
 
 set_nml_output Echo NML values to log file only
 Path names of default obs_def and obs_kind modules
 ../../../obs_def/DEFAULT_obs_def_mod.F90
 ../../../obs_kind/DEFAULT_obs_kind_mod.F90
 Path names of output obs_def and obs_kind modules
 ../../../obs_def/obs_def_mod.f90
 ../../../obs_kind/obs_kind_mod.f90
 INPUT obs_def files follow:
 ../../../obs_def/obs_def_PANDA_OBS_mod.f90
 INPUT model files follow:
 preprocess Finished successfully.
 
 --------------------------------------
 Finished ... at YYYY MM DD HH MM SS = 
                 2017  4  7 16  1 39
 Program preprocess
 --------------------------------------
 
 
 --------------------------------------
 Starting ... at YYYY MM DD HH MM SS = 
                 2017  4  8  6 58 33
 Program preprocess
 --------------------------------------
 
 set_nml_output Echo NML values to log file only
 Path names of default obs_def and obs_kind modules
 ../../../obs_def/DEFAULT_obs_def_mod.F90
 ../../../obs_kind/DEFAULT_obs_kind_mod.F90
 Path names of output obs_def and obs_kind modules
 ../../../obs_def/obs_def_mod.f90
 ../../../obs_kind/obs_kind_mod.f90
 INPUT obs_def files follow:
 ../../../obs_def/obs_def_PANDA_OBS_mod.f90
 INPUT model files follow:
 preprocess Finished successfully.
 
 --------------------------------------
 Finished ... at YYYY MM DD HH MM SS = 
                 2017  4  8  6 58 33
 Program preprocess
 --------------------------------------
 
 
 --------------------------------------
 Starting ... at YYYY MM DD HH MM SS = 
                 2017  4  8  6 59 58
 Program preprocess
 --------------------------------------
 
 set_nml_output Echo NML values to log file only
 Path names of default obs_def and obs_kind modules
 ../../../obs_def/DEFAULT_obs_def_mod.F90
 ../../../obs_kind/DEFAULT_obs_kind_mod.F90
 Path names of output obs_def and obs_kind modules
 ../../../obs_def/obs_def_mod.f90
 ../../../obs_kind/obs_kind_mod.f90
 INPUT obs_def files follow:
 ../../../obs_def/obs_def_PANDA_OBS_mod.f90
 INPUT model files follow:
 preprocess Finished successfully.
 
 --------------------------------------
 Finished ... at YYYY MM DD HH MM SS = 
                 2017  4  8  6 59 58
 Program preprocess
 --------------------------------------
 
 
 --------------------------------------
 Starting ... at YYYY MM DD HH MM SS = 
                 2017  4  8  7  2  2
 Program preprocess
 --------------------------------------
 
 set_nml_output Echo NML values to log file only
 Path names of default obs_def and obs_kind modules
 ../../../obs_def/DEFAULT_obs_def_mod.F90
 ../../../obs_kind/DEFAULT_obs_kind_mod.F90
 Path names of output obs_def and obs_kind modules
 ../../../obs_def/obs_def_mod.f90
 ../../../obs_kind/obs_kind_mod.f90
 INPUT obs_def files follow:
 ../../../obs_def/obs_def_PANDA_OBS_mod.f90
 INPUT model files follow:
 preprocess Finished successfully.
 
 --------------------------------------
 Finished ... at YYYY MM DD HH MM SS = 
                 2017  4  8  7  2  2
 Program preprocess
 --------------------------------------
 
 
 --------------------------------------
 Starting ... at YYYY MM DD HH MM SS = 
                 2017  4  8  7  4 15
 Program preprocess
 --------------------------------------
 
 set_nml_output Echo NML values to log file only
 Path names of default obs_def and obs_kind modules
 ../../../obs_def/DEFAULT_obs_def_mod.F90
 ../../../obs_kind/DEFAULT_obs_kind_mod.F90
 Path names of output obs_def and obs_kind modules
 ../../../obs_def/obs_def_mod.f90
 ../../../obs_kind/obs_kind_mod.f90
 INPUT obs_def files follow:
 ../../../obs_def/obs_def_PANDA_OBS_mod.f90
 INPUT model files follow:
 preprocess Finished successfully.
 
 --------------------------------------
 Finished ... at YYYY MM DD HH MM SS = 
                 2017  4  8  7  4 15
 Program preprocess
 --------------------------------------
 
 
 --------------------------------------
 Starting ... at YYYY MM DD HH MM SS = 
                 2017  4  8  7  5 53
 Program preprocess
 --------------------------------------
 
 set_nml_output Echo NML values to log file only
 Path names of default obs_def and obs_kind modules
 ../../../obs_def/DEFAULT_obs_def_mod.F90
 ../../../obs_kind/DEFAULT_obs_kind_mod.F90
 Path names of output obs_def and obs_kind modules
 ../../../obs_def/obs_def_mod.f90
 ../../../obs_kind/obs_kind_mod.f90
 INPUT obs_def files follow:
 ../../../obs_def/obs_def_PANDA_OBS_mod.f90
 INPUT model files follow:
 preprocess Finished successfully.
 
 --------------------------------------
 Finished ... at YYYY MM DD HH MM SS = 
                 2017  4  8  7  5 53
 Program preprocess
 --------------------------------------
 
 
 --------------------------------------
 Starting ... at YYYY MM DD HH MM SS = 
                 2017  4  8  7  8  3
 Program preprocess
 --------------------------------------
 
 set_nml_output Echo NML values to log file only
 Path names of default obs_def and obs_kind modules
 ../../../obs_def/DEFAULT_obs_def_mod.F90
 ../../../obs_kind/DEFAULT_obs_kind_mod.F90
 Path names of output obs_def and obs_kind modules
 ../../../obs_def/obs_def_mod.f90
 ../../../obs_kind/obs_kind_mod.f90
 INPUT obs_def files follow:
 ../../../obs_def/obs_def_PANDA_OBS_mod.f90
 INPUT model files follow:
 preprocess Finished successfully.
 
 --------------------------------------
 Finished ... at YYYY MM DD HH MM SS = 
                 2017  4  8  7  8  3
 Program preprocess
 --------------------------------------
 
 
 --------------------------------------
 Starting ... at YYYY MM DD HH MM SS = 
                 2017  4  8  7 12 48
 Program preprocess
 --------------------------------------
 
 set_nml_output Echo NML values to log file only
 Path names of default obs_def and obs_kind modules
 ../../../obs_def/DEFAULT_obs_def_mod.F90
 ../../../obs_kind/DEFAULT_obs_kind_mod.F90
 Path names of output obs_def and obs_kind modules
 ../../../obs_def/obs_def_mod.f90
 ../../../obs_kind/obs_kind_mod.f90
 INPUT obs_def files follow:
 ../../../obs_def/obs_def_PANDA_OBS_mod.f90
 INPUT model files follow:
 preprocess Finished successfully.
 
 --------------------------------------
 Finished ... at YYYY MM DD HH MM SS = 
                 2017  4  8  7 12 48
 Program preprocess
 --------------------------------------
 
 
 --------------------------------------
 Starting ... at YYYY MM DD HH MM SS = 
                 2017  4  8  7 15  7
 Program preprocess
 --------------------------------------
 
 set_nml_output Echo NML values to log file only
 Path names of default obs_def and obs_kind modules
 ../../../obs_def/DEFAULT_obs_def_mod.F90
 ../../../obs_kind/DEFAULT_obs_kind_mod.F90
 Path names of output obs_def and obs_kind modules
 ../../../obs_def/obs_def_mod.f90
 ../../../obs_kind/obs_kind_mod.f90
 INPUT obs_def files follow:
 ../../../obs_def/obs_def_PANDA_OBS_mod.f90
 INPUT model files follow:
 preprocess Finished successfully.
 
 --------------------------------------
 Finished ... at YYYY MM DD HH MM SS = 
                 2017  4  8  7 15  7
 Program preprocess
 --------------------------------------
 
 
 --------------------------------------
 Starting ... at YYYY MM DD HH MM SS = 
                 2017  4  8  7 27 41
 Program preprocess
 --------------------------------------
 
 set_nml_output Echo NML values to log file only
 Path names of default obs_def and obs_kind modules
 ../../../obs_def/DEFAULT_obs_def_mod.F90
 ../../../obs_kind/DEFAULT_obs_kind_mod.F90
 Path names of output obs_def and obs_kind modules
 ../../../obs_def/obs_def_mod.f90
 ../../../obs_kind/obs_kind_mod.f90
 INPUT obs_def files follow:
 ../../../obs_def/obs_def_PANDA_OBS_mod.f90
 INPUT model files follow:
 preprocess Finished successfully.
 
 --------------------------------------
 Finished ... at YYYY MM DD HH MM SS = 
                 2017  4  8  7 27 41
 Program preprocess
 --------------------------------------
 
 
 --------------------------------------
 Starting ... at YYYY MM DD HH MM SS = 
                 2017  4 10 12 18 31
 Program preprocess
 --------------------------------------
 
 set_nml_output Echo NML values to log file only
 Path names of default obs_def and obs_kind modules
 ../../../obs_def/DEFAULT_obs_def_mod.F90
 ../../../obs_kind/DEFAULT_obs_kind_mod.F90
 Path names of output obs_def and obs_kind modules
 ../../../obs_def/obs_def_mod.f90
 ../../../obs_kind/obs_kind_mod.f90
 INPUT obs_def files follow:
 ../../../obs_def/obs_def_PANDA_OBS_mod.f90
 INPUT model files follow:
 preprocess Finished successfully.
 
 --------------------------------------
 Finished ... at YYYY MM DD HH MM SS = 
                 2017  4 10 12 18 31
 Program preprocess
 --------------------------------------
 
 
 --------------------------------------
 Starting ... at YYYY MM DD HH MM SS = 
                 2017  9 16  8 26 51
 Program preprocess
 --------------------------------------
 
 set_nml_output Echo NML values to log file only
 Path names of default obs_def and obs_kind modules
 ../../../obs_def/DEFAULT_obs_def_mod.F90
 ../../../obs_kind/DEFAULT_obs_kind_mod.F90
 Path names of output obs_def and obs_kind modules
 ../../../obs_def/obs_def_mod.f90
 ../../../obs_kind/obs_kind_mod.f90
 INPUT obs_def files follow:
 ../../../obs_def/obs_def_PANDA_OBS_mod.f90
 INPUT model files follow:
 preprocess Finished successfully.
 
 --------------------------------------
 Finished ... at YYYY MM DD HH MM SS = 
                 2017  9 16  8 26 51
 Program preprocess
 --------------------------------------
 
