 obs_sequence
obs_kind_definitions
           0
  num_copies:            2  num_qc:            1
  num_obs:            1  max_num_obs:            1
observations                                                    
truth                                                           
Quality Control                                                 
  first:            1  last:            1
 OBS            1
   1.9057240396647090     
   1.1577688788824525     
   0.0000000000000000     
          -1          -1          -1
obdef
loc3d
     4.014257279586958        0.6981317007977320        -4.439196100000000      3
kind
      -18641
     0     146908
   1.0000000000000000     
