 obs_sequence
obs_kind_definitions
           2
           1 SALINITY                        
           2 TEMPERATURE                     
  num_copies:            1  num_qc:            1
  num_obs:         3  max_num_obs:         3
observation                                                     
Quality Control                                                 
  first:            1  last:         3
 OBS            1
   8.85100000000000     
   1.00000000000000     
        -1           2          -1
obdef
loc3d
    0.5102068642477464        0.7126755294546006        3.0000000000000000      3
kind
           2
  7200     149020
  5.000000000000000E-002
 OBS            2
   23.8179100000000     
   1.00000000000000     
           1        3          -1
obdef
loc3d
    0.5102068642477464        0.7126755294546006        3.0000000000000000      3
kind
           1
  7200     149020
  1.000000000000000E-002
 OBS            3
   8.61699000000000     
   1.00000000000000     
          2           -1          -1
obdef
loc3d
    0.5109276852288200        0.7096683271534143        8.250000000000000      3
kind
           2
 49500     149019
  4.999999880261985E-002
